INFO:     Uvicorn running on http://0.0.0.0:30192 (Press CTRL+C to quit)
INFO:     Started parent process [333094]
INFO:     Started server process [333097]
INFO:     Waiting for application startup.
2026-04-26 06:56:08 [INFO] twapi.main: TwAPI v2.0.0 (High-Concurrency) starting on port 30192
INFO:     Started server process [333098]
INFO:     Waiting for application startup.
2026-04-26 06:56:08 [INFO] twapi.main: TwAPI v2.0.0 (High-Concurrency) starting on port 30192
ERROR:    Traceback (most recent call last):
  File "/usr/local/lib/python3.10/dist-packages/starlette/routing.py", line 693, in lifespan
    async with self.lifespan_context(app) as maybe_state:
  File "/usr/lib/python3.10/contextlib.py", line 199, in __aenter__
    return await anext(self.gen)
  File "/root/twapi/src/main.py", line 341, in lifespan
    stats_tracker.init_db()
  File "/root/twapi/src/stats.py", line 44, in init_db
    conn = self._conn()
  File "/root/twapi/src/stats.py", line 38, in _conn
    conn.execute("PRAGMA journal_mode=WAL")
sqlite3.OperationalError: database is locked

ERROR:    Application startup failed. Exiting.
2026-04-26 06:56:08 [INFO] twapi.main: Startup complete — Nitter client ready with 8 instances
INFO:     Application startup complete.
INFO:     Started server process [333096]
INFO:     Waiting for application startup.
2026-04-26 06:56:08 [INFO] twapi.main: TwAPI v2.0.0 (High-Concurrency) starting on port 30192
2026-04-26 06:56:08 [INFO] twapi.main: Startup complete — Nitter client ready with 8 instances
INFO:     Started server process [333099]
INFO:     Waiting for application startup.
INFO:     Application startup complete.
2026-04-26 06:56:08 [INFO] twapi.main: TwAPI v2.0.0 (High-Concurrency) starting on port 30192
2026-04-26 06:56:08 [INFO] twapi.main: Startup complete — Nitter client ready with 8 instances
INFO:     Application startup complete.
INFO:     Waiting for child process [333097]
INFO:     Child process [333097] died
INFO:     Started server process [333122]
INFO:     Waiting for application startup.
2026-04-26 06:56:09 [INFO] twapi.main: TwAPI v2.0.0 (High-Concurrency) starting on port 30192
2026-04-26 06:56:09 [INFO] twapi.main: Startup complete — Nitter client ready with 8 instances
INFO:     Application startup complete.
INFO:     127.0.0.1:38244 - "HEAD / HTTP/1.1" 405 Method Not Allowed
INFO:     127.0.0.1:51888 - "GET /dashboard HTTP/1.1" 401 Unauthorized
INFO:     127.0.0.1:54450 - "GET /dashboard HTTP/1.1" 200 OK
INFO:     127.0.0.1:52972 - "GET /docs HTTP/1.1" 200 OK
